<?xml version="1.0" encoding="UTF-8"?>
<testsuite name="com.example.BillTracker.BillTrackerApplicationTests" tests="1" skipped="0" failures="0" errors="0" timestamp="2021-08-18T20:04:56" hostname="katherines-mbp.lan" time="0.408">
  <properties/>
  <testcase name="testSetBill()" classname="com.example.BillTracker.BillTrackerApplicationTests" time="0.408"/>
  <system-out><![CDATA[15:04:54.107 [Test worker] DEBUG org.springframework.test.context.BootstrapUtils - Instantiating CacheAwareContextLoaderDelegate from class [org.springframework.test.context.cache.DefaultCacheAwareContextLoaderDelegate]
15:04:54.116 [Test worker] DEBUG org.springframework.test.context.BootstrapUtils - Instantiating BootstrapContext using constructor [public org.springframework.test.context.support.DefaultBootstrapContext(java.lang.Class,org.springframework.test.context.CacheAwareContextLoaderDelegate)]
15:04:54.153 [Test worker] DEBUG org.springframework.test.context.BootstrapUtils - Instantiating TestContextBootstrapper for test class [com.example.BillTracker.BillTrackerApplicationTests] from class [org.springframework.boot.test.context.SpringBootTestContextBootstrapper]
15:04:54.163 [Test worker] INFO org.springframework.boot.test.context.SpringBootTestContextBootstrapper - Neither @ContextConfiguration nor @ContextHierarchy found for test class [com.example.BillTracker.BillTrackerApplicationTests], using SpringBootContextLoader
15:04:54.167 [Test worker] DEBUG org.springframework.test.context.support.AbstractContextLoader - Did not detect default resource location for test class [com.example.BillTracker.BillTrackerApplicationTests]: class path resource [com/example/BillTracker/BillTrackerApplicationTests-context.xml] does not exist
15:04:54.168 [Test worker] DEBUG org.springframework.test.context.support.AbstractContextLoader - Did not detect default resource location for test class [com.example.BillTracker.BillTrackerApplicationTests]: class path resource [com/example/BillTracker/BillTrackerApplicationTestsContext.groovy] does not exist
15:04:54.169 [Test worker] INFO org.springframework.test.context.support.AbstractContextLoader - Could not detect default resource locations for test class [com.example.BillTracker.BillTrackerApplicationTests]: no resource found for suffixes {-context.xml, Context.groovy}.
15:04:54.170 [Test worker] INFO org.springframework.test.context.support.AnnotationConfigContextLoaderUtils - Could not detect default configuration classes for test class [com.example.BillTracker.BillTrackerApplicationTests]: BillTrackerApplicationTests does not declare any static, non-private, non-final, nested classes annotated with @Configuration.
15:04:54.216 [Test worker] DEBUG org.springframework.test.context.support.ActiveProfilesUtils - Could not find an 'annotation declaring class' for annotation type [org.springframework.test.context.ActiveProfiles] and class [com.example.BillTracker.BillTrackerApplicationTests]
15:04:54.262 [Test worker] DEBUG org.springframework.context.annotation.ClassPathScanningCandidateComponentProvider - Identified candidate component class: file [/Users/katherine/Desktop/java/koki-group-a/build/classes/java/main/com/example/BillTracker/BillTrackerApplication.class]
15:04:54.268 [Test worker] INFO org.springframework.boot.test.context.SpringBootTestContextBootstrapper - Found @SpringBootConfiguration com.example.BillTracker.BillTrackerApplication for test class com.example.BillTracker.BillTrackerApplicationTests
15:04:54.365 [Test worker] DEBUG org.springframework.boot.test.context.SpringBootTestContextBootstrapper - @TestExecutionListeners is not present for class [com.example.BillTracker.BillTrackerApplicationTests]: using defaults.
15:04:54.366 [Test worker] INFO org.springframework.boot.test.context.SpringBootTestContextBootstrapper - Loaded default TestExecutionListener class names from location [META-INF/spring.factories]: [org.springframework.test.context.web.ServletTestExecutionListener, org.springframework.test.context.support.DirtiesContextBeforeModesTestExecutionListener, org.springframework.test.context.event.ApplicationEventsTestExecutionListener, org.springframework.test.context.support.DependencyInjectionTestExecutionListener, org.springframework.test.context.support.DirtiesContextTestExecutionListener, org.springframework.test.context.transaction.TransactionalTestExecutionListener, org.springframework.test.context.jdbc.SqlScriptsTestExecutionListener, org.springframework.test.context.event.EventPublishingTestExecutionListener, org.springframework.boot.test.autoconfigure.restdocs.RestDocsTestExecutionListener, org.springframework.boot.test.autoconfigure.web.client.MockRestServiceServerResetTestExecutionListener, org.springframework.boot.test.autoconfigure.web.servlet.MockMvcPrintOnlyOnFailureTestExecutionListener, org.springframework.boot.test.autoconfigure.web.servlet.WebDriverTestExecutionListener, org.springframework.boot.test.autoconfigure.webservices.client.MockWebServiceServerTestExecutionListener, org.springframework.boot.test.mock.mockito.MockitoTestExecutionListener, org.springframework.boot.test.mock.mockito.ResetMocksTestExecutionListener]
15:04:54.381 [Test worker] DEBUG org.springframework.boot.test.context.SpringBootTestContextBootstrapper - Skipping candidate TestExecutionListener [org.springframework.test.context.transaction.TransactionalTestExecutionListener] due to a missing dependency. Specify custom listener classes or make the default listener classes and their required dependencies available. Offending class: [org/springframework/transaction/interceptor/TransactionAttributeSource]
15:04:54.381 [Test worker] DEBUG org.springframework.boot.test.context.SpringBootTestContextBootstrapper - Skipping candidate TestExecutionListener [org.springframework.test.context.jdbc.SqlScriptsTestExecutionListener] due to a missing dependency. Specify custom listener classes or make the default listener classes and their required dependencies available. Offending class: [org/springframework/transaction/interceptor/TransactionAttribute]
15:04:54.384 [Test worker] INFO org.springframework.boot.test.context.SpringBootTestContextBootstrapper - Using TestExecutionListeners: [org.springframework.test.context.web.ServletTestExecutionListener@7312656, org.springframework.test.context.support.DirtiesContextBeforeModesTestExecutionListener@6fe35325, org.springframework.test.context.event.ApplicationEventsTestExecutionListener@40b1d896, org.springframework.boot.test.mock.mockito.MockitoTestExecutionListener@4f2d2d95, org.springframework.boot.test.autoconfigure.SpringBootDependencyInjectionTestExecutionListener@41a0b1b0, org.springframework.test.context.support.DirtiesContextTestExecutionListener@342fa8da, org.springframework.test.context.event.EventPublishingTestExecutionListener@7a14b3a1, org.springframework.boot.test.autoconfigure.restdocs.RestDocsTestExecutionListener@5c7378f3, org.springframework.boot.test.autoconfigure.web.client.MockRestServiceServerResetTestExecutionListener@189a6ffc, org.springframework.boot.test.autoconfigure.web.servlet.MockMvcPrintOnlyOnFailureTestExecutionListener@51ba6d4d, org.springframework.boot.test.autoconfigure.web.servlet.WebDriverTestExecutionListener@eec4560, org.springframework.boot.test.autoconfigure.webservices.client.MockWebServiceServerTestExecutionListener@499f10ae, org.springframework.boot.test.mock.mockito.ResetMocksTestExecutionListener@23163ee]
15:04:54.390 [Test worker] DEBUG org.springframework.test.context.support.AbstractDirtiesContextTestExecutionListener - Before test class: context [DefaultTestContext@6ce787cc testClass = BillTrackerApplicationTests, testInstance = [null], testMethod = [null], testException = [null], mergedContextConfiguration = [WebMergedContextConfiguration@32965c22 testClass = BillTrackerApplicationTests, locations = '{}', classes = '{class com.example.BillTracker.BillTrackerApplication}', contextInitializerClasses = '[]', activeProfiles = '{}', propertySourceLocations = '{}', propertySourceProperties = '{org.springframework.boot.test.context.SpringBootTestContextBootstrapper=true}', contextCustomizers = set[org.springframework.boot.test.autoconfigure.actuate.metrics.MetricsExportContextCustomizerFactory$DisableMetricExportContextCustomizer@30dc88bf, org.springframework.boot.test.autoconfigure.properties.PropertyMappingContextCustomizer@0, org.springframework.boot.test.autoconfigure.web.servlet.WebDriverContextCustomizerFactory$Customizer@6d8c7813, org.springframework.boot.test.context.filter.ExcludeFilterContextCustomizer@68cd1f11, org.springframework.boot.test.json.DuplicateJsonObjectContextCustomizerFactory$DuplicateJsonObjectContextCustomizer@1661df9d, org.springframework.boot.test.mock.mockito.MockitoContextCustomizer@0, org.springframework.boot.test.web.client.TestRestTemplateContextCustomizer@26ea8ad1, org.springframework.boot.test.context.SpringBootTestArgs@1, org.springframework.boot.test.context.SpringBootTestWebEnvironment@7fc7196e], resourceBasePath = 'src/main/webapp', contextLoader = 'org.springframework.boot.test.context.SpringBootContextLoader', parent = [null]], attributes = map['org.springframework.test.context.web.ServletTestExecutionListener.activateListener' -> true]], class annotated with @DirtiesContext [false] with mode [null].
15:04:54.424 [Test worker] DEBUG org.springframework.test.context.support.TestPropertySourceUtils - Adding inlined properties to environment: {spring.jmx.enabled=false, org.springframework.boot.test.context.SpringBootTestContextBootstrapper=true}

  .   ____          _            __ _ _
 /\\ / ___'_ __ _ _(_)_ __  __ _ \ \ \ \
( ( )\___ | '_ | '_| | '_ \/ _` | \ \ \ \
 \\/  ___)| |_)| | | | | || (_| |  ) ) ) )
  '  |____| .__|_| |_|_| |_\__, | / / / /
 =========|_|==============|___/=/_/_/_/
 :: Spring Boot ::                (v2.5.3)

2021-08-18 15:04:54.671  INFO 82408 --- [    Test worker] c.e.B.BillTrackerApplicationTests        : Starting BillTrackerApplicationTests using Java 16.0.1 on katherines-mbp.lan with PID 82408 (started by katherine in /Users/katherine/Desktop/java/koki-group-a)
2021-08-18 15:04:54.678  INFO 82408 --- [    Test worker] c.e.B.BillTrackerApplicationTests        : No active profile set, falling back to default profiles: default
2021-08-18 15:04:55.863  INFO 82408 --- [    Test worker] o.s.b.a.w.s.WelcomePageHandlerMapping    : Adding welcome page template: index
2021-08-18 15:04:56.111  INFO 82408 --- [    Test worker] c.e.B.BillTrackerApplicationTests        : Started BillTrackerApplicationTests in 1.681 seconds (JVM running for 2.677)
]]></system-out>
  <system-err><![CDATA[]]></system-err>
</testsuite>
